/*C5*/SET SCHEMA PUBLIC
CONNECT USER SA
DISCONNECT
/*C6*/SET SCHEMA PUBLIC
CONNECT USER SA
DISCONNECT
/*C7*/SET SCHEMA PUBLIC
CONNECT USER SA
DISCONNECT
/*C8*/SET SCHEMA PUBLIC
CONNECT USER SA
SET AUTOCOMMIT FALSE
DELETE FROM SEQUENCE WHERE SEQ_NAME='SEQ_GEN'
INSERT INTO SEQUENCE VALUES('SEQ_GEN',1200)
COMMIT
SET AUTOCOMMIT TRUE
SET AUTOCOMMIT FALSE
INSERT INTO AUTHENTICATION VALUES(1151,NULL,'4bf016954684764ffe4150ce15c5',1)
COMMIT
SET AUTOCOMMIT TRUE
DISCONNECT
/*C9*/SET SCHEMA PUBLIC
CONNECT USER SA
DISCONNECT
/*C10*/SET SCHEMA PUBLIC
CONNECT USER SA
DISCONNECT
/*C11*/SET SCHEMA PUBLIC
CONNECT USER SA
DISCONNECT
/*C12*/SET SCHEMA PUBLIC
CONNECT USER SA
SET AUTOCOMMIT FALSE
DELETE FROM SEQUENCE WHERE SEQ_NAME='SEQ_GEN'
INSERT INTO SEQUENCE VALUES('SEQ_GEN',1250)
COMMIT
SET AUTOCOMMIT TRUE
SET AUTOCOMMIT FALSE
INSERT INTO AUTHENTICATION VALUES(1201,NULL,'4c18180a9d298df135ba5dae3f0f',1)
COMMIT
SET AUTOCOMMIT TRUE
SET AUTOCOMMIT FALSE
DELETE FROM AUTHENTICATION WHERE ID=1201
COMMIT
SET AUTOCOMMIT TRUE
SET AUTOCOMMIT FALSE
INSERT INTO AUTHENTICATION VALUES(1202,NULL,'4c18180a9d298df135ba5dae3f0f',1)
COMMIT
SET AUTOCOMMIT TRUE
DISCONNECT
/*C13*/SET SCHEMA PUBLIC
CONNECT USER SA
DISCONNECT
/*C14*/SET SCHEMA PUBLIC
CONNECT USER SA
DISCONNECT
/*C15*/SET SCHEMA PUBLIC
CONNECT USER SA
DISCONNECT
/*C16*/SET SCHEMA PUBLIC
CONNECT USER SA
SET AUTOCOMMIT FALSE
DELETE FROM AUTHENTICATION WHERE ID=1202
COMMIT
SET AUTOCOMMIT TRUE
SET AUTOCOMMIT FALSE
DELETE FROM SEQUENCE WHERE SEQ_NAME='SEQ_GEN'
INSERT INTO SEQUENCE VALUES('SEQ_GEN',1300)
COMMIT
SET AUTOCOMMIT TRUE
SET AUTOCOMMIT FALSE
INSERT INTO AUTHENTICATION VALUES(1251,NULL,'4c18180a9d298df135ba5dae3f0f',4)
COMMIT
SET AUTOCOMMIT TRUE
SET AUTOCOMMIT FALSE
INSERT INTO JOB VALUES(1252,0.0E0,'',NULL,'',NULL,4)
COMMIT
SET AUTOCOMMIT TRUE
SET AUTOCOMMIT FALSE
DELETE FROM AUTHENTICATION WHERE ID=1251
COMMIT
SET AUTOCOMMIT TRUE
SET AUTOCOMMIT FALSE
INSERT INTO AUTHENTICATION VALUES(1253,NULL,'4c18180a9d298df135ba5dae3f0f',4)
COMMIT
SET AUTOCOMMIT TRUE
SET AUTOCOMMIT FALSE
DELETE FROM AUTHENTICATION WHERE ID=1253
COMMIT
SET AUTOCOMMIT TRUE
SET AUTOCOMMIT FALSE
INSERT INTO AUTHENTICATION VALUES(1254,NULL,'4c18180a9d298df135ba5dae3f0f',752)
COMMIT
SET AUTOCOMMIT TRUE
SET AUTOCOMMIT FALSE
INSERT INTO JOB_USER VALUES(1252,752)
COMMIT
SET AUTOCOMMIT TRUE
SET AUTOCOMMIT FALSE
INSERT INTO NOTIFICATION VALUES(1255,'Novo(a) candidato(a) para o trabalho: ',1,752,4,1252)
COMMIT
SET AUTOCOMMIT TRUE
SET AUTOCOMMIT FALSE
DELETE FROM AUTHENTICATION WHERE ID=1254
COMMIT
SET AUTOCOMMIT TRUE
SET AUTOCOMMIT FALSE
INSERT INTO AUTHENTICATION VALUES(1256,NULL,'4c18180a9d298df135ba5dae3f0f',4)
COMMIT
SET AUTOCOMMIT TRUE
SET AUTOCOMMIT FALSE
DELETE FROM JOB WHERE ID=1252
INSERT INTO JOB VALUES(1252,0.0E0,'Rua Santos Dumont 2400',0,'Teste',752,4)
COMMIT
SET AUTOCOMMIT TRUE
SET AUTOCOMMIT FALSE
INSERT INTO NOTIFICATION VALUES(1257,'Pedido de trabalho aceito: Teste',0,752,4,1252)
COMMIT
SET AUTOCOMMIT TRUE
SET AUTOCOMMIT FALSE
DELETE FROM AUTHENTICATION WHERE ID=1256
COMMIT
SET AUTOCOMMIT TRUE
SET AUTOCOMMIT FALSE
INSERT INTO AUTHENTICATION VALUES(1258,NULL,'4c18180a9d298df135ba5dae3f0f',752)
COMMIT
SET AUTOCOMMIT TRUE
DISCONNECT
/*C17*/SET SCHEMA PUBLIC
CONNECT USER SA
DISCONNECT
/*C18*/SET SCHEMA PUBLIC
CONNECT USER SA
DISCONNECT
/*C19*/SET SCHEMA PUBLIC
CONNECT USER SA
DISCONNECT
/*C20*/SET SCHEMA PUBLIC
CONNECT USER SA
SET AUTOCOMMIT FALSE
DELETE FROM AUTHENTICATION WHERE ID=1258
COMMIT
SET AUTOCOMMIT TRUE
SET AUTOCOMMIT FALSE
DELETE FROM SEQUENCE WHERE SEQ_NAME='SEQ_GEN'
INSERT INTO SEQUENCE VALUES('SEQ_GEN',1350)
COMMIT
SET AUTOCOMMIT TRUE
SET AUTOCOMMIT FALSE
INSERT INTO AUTHENTICATION VALUES(1301,NULL,'4c18180a9d298df135ba5dae3f0f',1)
COMMIT
SET AUTOCOMMIT TRUE
SET AUTOCOMMIT FALSE
INSERT INTO JOB VALUES(1302,246.0E0,'reeLancer',NULL,'reeLancer',NULL,1)
COMMIT
SET AUTOCOMMIT TRUE
SET AUTOCOMMIT FALSE
DELETE FROM AUTHENTICATION WHERE ID=1301
COMMIT
SET AUTOCOMMIT TRUE
SET AUTOCOMMIT FALSE
INSERT INTO AUTHENTICATION VALUES(1303,NULL,'4c18180a9d298df135ba5dae3f0f',752)
COMMIT
SET AUTOCOMMIT TRUE
DISCONNECT
/*C21*/SET SCHEMA PUBLIC
CONNECT USER SA
DISCONNECT
/*C22*/SET SCHEMA PUBLIC
CONNECT USER SA
SET AUTOCOMMIT FALSE
INSERT INTO JOB_USER VALUES(1302,752)
COMMIT
SET AUTOCOMMIT TRUE
SET AUTOCOMMIT FALSE
DELETE FROM SEQUENCE WHERE SEQ_NAME='SEQ_GEN'
INSERT INTO SEQUENCE VALUES('SEQ_GEN',1400)
COMMIT
SET AUTOCOMMIT TRUE
SET AUTOCOMMIT FALSE
INSERT INTO NOTIFICATION VALUES(1351,'Novo(a) candidato(a) para o trabalho: reeLancer',1,752,1,1302)
COMMIT
SET AUTOCOMMIT TRUE
SET AUTOCOMMIT FALSE
DELETE FROM AUTHENTICATION WHERE ID=1303
COMMIT
SET AUTOCOMMIT TRUE
SET AUTOCOMMIT FALSE
INSERT INTO AUTHENTICATION VALUES(1352,NULL,'4c18180a9d298df135ba5dae3f0f',4)
COMMIT
SET AUTOCOMMIT TRUE
SET AUTOCOMMIT FALSE
INSERT INTO JOB_USER VALUES(1302,4)
COMMIT
SET AUTOCOMMIT TRUE
SET AUTOCOMMIT FALSE
INSERT INTO NOTIFICATION VALUES(1353,'Novo(a) candidato(a) para o trabalho: reeLancer',1,4,1,1302)
COMMIT
SET AUTOCOMMIT TRUE
SET AUTOCOMMIT FALSE
DELETE FROM AUTHENTICATION WHERE ID=1352
COMMIT
SET AUTOCOMMIT TRUE
SET AUTOCOMMIT FALSE
INSERT INTO USER VALUES(1354,'pedro.alvares@gmail.com','Fabricio','Somini','246246','1234',NULL)
COMMIT
SET AUTOCOMMIT TRUE
SET AUTOCOMMIT FALSE
INSERT INTO AUTHENTICATION VALUES(1355,NULL,'4c18180a9d298df135ba5dae3f0f',1354)
COMMIT
SET AUTOCOMMIT TRUE
SET AUTOCOMMIT FALSE
INSERT INTO JOB_USER VALUES(1302,1354)
COMMIT
SET AUTOCOMMIT TRUE
SET AUTOCOMMIT FALSE
INSERT INTO NOTIFICATION VALUES(1356,'Novo(a) candidato(a) para o trabalho: reeLancer',1,1354,1,1302)
COMMIT
SET AUTOCOMMIT TRUE
SET AUTOCOMMIT FALSE
DELETE FROM AUTHENTICATION WHERE ID=1355
COMMIT
SET AUTOCOMMIT TRUE
SET AUTOCOMMIT FALSE
INSERT INTO AUTHENTICATION VALUES(1357,NULL,'4c18180a9d298df135ba5dae3f0f',1)
COMMIT
SET AUTOCOMMIT TRUE
SET AUTOCOMMIT FALSE
INSERT INTO JOB VALUES(1358,246.0E0,'Trabalho para remover',NULL,'Trabalho para remover',NULL,1)
COMMIT
SET AUTOCOMMIT TRUE
SET AUTOCOMMIT FALSE
DELETE FROM AUTHENTICATION WHERE ID=1357
COMMIT
SET AUTOCOMMIT TRUE
SET AUTOCOMMIT FALSE
INSERT INTO AUTHENTICATION VALUES(1359,NULL,'4c18180a9d298df135ba5dae3f0f',752)
COMMIT
SET AUTOCOMMIT TRUE
SET AUTOCOMMIT FALSE
INSERT INTO JOB_USER VALUES(1358,752)
COMMIT
SET AUTOCOMMIT TRUE
SET AUTOCOMMIT FALSE
INSERT INTO NOTIFICATION VALUES(1360,'Novo(a) candidato(a) para o trabalho: Trabalho para remover',1,752,1,1358)
COMMIT
SET AUTOCOMMIT TRUE
SET AUTOCOMMIT FALSE
DELETE FROM AUTHENTICATION WHERE ID=1359
COMMIT
SET AUTOCOMMIT TRUE
SET AUTOCOMMIT FALSE
INSERT INTO AUTHENTICATION VALUES(1361,NULL,'4c18180a9d298df135ba5dae3f0f',1)
COMMIT
SET AUTOCOMMIT TRUE
SET AUTOCOMMIT FALSE
DELETE FROM JOB WHERE ID=1358
INSERT INTO JOB VALUES(1358,246.0E0,'Trabalho para remover',3,'Trabalho para remover',NULL,1)
COMMIT
SET AUTOCOMMIT TRUE
SET AUTOCOMMIT FALSE
INSERT INTO NOTIFICATION VALUES(1362,'Contratador(a) mateusicarius cancelou o trabalho: Trabalho para remover',4,NULL,1,1358)
COMMIT
SET AUTOCOMMIT TRUE
SET AUTOCOMMIT FALSE
DELETE FROM AUTHENTICATION WHERE ID=1361
COMMIT
SET AUTOCOMMIT TRUE
SET AUTOCOMMIT FALSE
INSERT INTO AUTHENTICATION VALUES(1363,NULL,'4c18180a9d298df135ba5dae3f0f',752)
COMMIT
SET AUTOCOMMIT TRUE
SET AUTOCOMMIT FALSE
DELETE FROM AUTHENTICATION WHERE ID=1363
COMMIT
SET AUTOCOMMIT TRUE
SET AUTOCOMMIT FALSE
INSERT INTO AUTHENTICATION VALUES(1364,NULL,'4c18180a9d298df135ba5dae3f0f',1354)
COMMIT
SET AUTOCOMMIT TRUE
SET AUTOCOMMIT FALSE
DELETE FROM AUTHENTICATION WHERE ID=1364
COMMIT
SET AUTOCOMMIT TRUE
SET AUTOCOMMIT FALSE
INSERT INTO AUTHENTICATION VALUES(1365,NULL,'4c18180a9d298df135ba5dae3f0f',752)
COMMIT
SET AUTOCOMMIT TRUE
SET AUTOCOMMIT FALSE
DELETE FROM AUTHENTICATION WHERE ID=1365
COMMIT
SET AUTOCOMMIT TRUE
SET AUTOCOMMIT FALSE
INSERT INTO AUTHENTICATION VALUES(1366,NULL,'4c18180a9d298df135ba5dae3f0f',752)
COMMIT
SET AUTOCOMMIT TRUE
SET AUTOCOMMIT FALSE
DELETE FROM AUTHENTICATION WHERE ID=1366
COMMIT
SET AUTOCOMMIT TRUE
SET AUTOCOMMIT FALSE
INSERT INTO AUTHENTICATION VALUES(1367,NULL,'4c18180a9d298df135ba5dae3f0f',1)
COMMIT
SET AUTOCOMMIT TRUE
SET AUTOCOMMIT FALSE
DELETE FROM NOTIFICATION WHERE ID=1351
COMMIT
SET AUTOCOMMIT TRUE
SET AUTOCOMMIT FALSE
DELETE FROM NOTIFICATION WHERE ID=1360
COMMIT
SET AUTOCOMMIT TRUE
SET AUTOCOMMIT FALSE
DELETE FROM NOTIFICATION WHERE ID=1353
COMMIT
SET AUTOCOMMIT TRUE
SET AUTOCOMMIT FALSE
DELETE FROM NOTIFICATION WHERE ID=1356
COMMIT
SET AUTOCOMMIT TRUE
SET AUTOCOMMIT FALSE
DELETE FROM AUTHENTICATION WHERE ID=1367
COMMIT
SET AUTOCOMMIT TRUE
SET AUTOCOMMIT FALSE
INSERT INTO AUTHENTICATION VALUES(1368,NULL,'4c18180a9d298df135ba5dae3f0f',752)
COMMIT
SET AUTOCOMMIT TRUE
